2021-11-22 17:28:49,290 {dd-MM-yyyy  HH:mm:ss } INFO  com.cov.controller.PersonController:30 -Finding a person with id :2
 2021-11-22 17:28:49,293 {dd-MM-yyyy  HH:mm:ss } INFO  com.cov.service.PersonService:25 -Finding person with ID :2
 2021-11-22 17:28:49,318 {dd-MM-yyyy  HH:mm:ss } DEBUG com.cov.controller.PersonController:32 -Found person isnikky Nick
 2021-11-22 17:28:49,319 {dd-MM-yyyy  HH:mm:ss } INFO  com.cov.service.PersonService:25 -Finding person with ID :2
 2021-11-22 17:45:58,844 {dd-MM-yyyy  HH:mm:ss } INFO  com.cov.controller.PersonController:30 -Finding a person with id :2
 2021-11-22 17:45:58,848 {dd-MM-yyyy  HH:mm:ss } INFO  com.cov.service.PersonService:25 -Finding person with ID :2
 2021-11-22 17:45:58,963 {dd-MM-yyyy  HH:mm:ss } DEBUG com.cov.controller.PersonController:32 -Found person isnikky Nick
 2021-11-22 17:45:58,963 {dd-MM-yyyy  HH:mm:ss } INFO  com.cov.service.PersonService:25 -Finding person with ID :2
 2021-11-22 17:47:22,057 {dd-MM-yyyy  HH:mm:ss } INFO  com.cov.controller.PersonController:45 -Insering  person with id:Person [id=0, firstName=nikky, lastName=null]
 2021-11-22 17:47:22,058 {dd-MM-yyyy  HH:mm:ss } DEBUG com.cov.controller.PersonController:46 -Inserted person isnikky null
 2021-11-22 17:47:43,030 {dd-MM-yyyy  HH:mm:ss } INFO  com.cov.controller.PersonController:45 -Insering  person with id:Person [id=0, firstName=Sri, lastName=null]
 2021-11-22 17:47:43,031 {dd-MM-yyyy  HH:mm:ss } DEBUG com.cov.controller.PersonController:46 -Inserted person isSri null
 2021-11-22 17:48:14,597 {dd-MM-yyyy  HH:mm:ss } INFO  com.cov.controller.PersonController:61 -Deleting  person with id:5
 2021-11-22 17:48:14,597 {dd-MM-yyyy  HH:mm:ss } INFO  com.cov.service.PersonService:53 -Delete person with ID :5
 2021-11-23 17:55:44,587 {dd-MM-yyyy  HH:mm:ss } INFO  com.cov.controller.PersonController:30 -Finding a person with id :2
 2021-11-23 17:55:44,589 {dd-MM-yyyy  HH:mm:ss } INFO  com.cov.service.PersonService:25 -Finding person with ID :2
 2021-11-23 17:55:44,616 {dd-MM-yyyy  HH:mm:ss } DEBUG com.cov.controller.PersonController:32 -Found person isnikky Nick
 2021-11-23 17:55:44,617 {dd-MM-yyyy  HH:mm:ss } INFO  com.cov.service.PersonService:25 -Finding person with ID :2
 2021-11-23 17:56:46,769 {dd-MM-yyyy  HH:mm:ss } INFO  com.cov.controller.PersonController:30 -Finding a person with id :2
 2021-11-23 17:56:46,770 {dd-MM-yyyy  HH:mm:ss } INFO  com.cov.service.PersonService:25 -Finding person with ID :2
 2021-11-23 17:56:46,778 {dd-MM-yyyy  HH:mm:ss } DEBUG com.cov.controller.PersonController:32 -Found person isnikky Nick
 2021-11-23 17:56:46,778 {dd-MM-yyyy  HH:mm:ss } INFO  com.cov.service.PersonService:25 -Finding person with ID :2
 